<?xml version="1.0" encoding="UTF-8"?>
<!-- Generated by org.testng.reporters.JUnitReportReporter -->
<testsuite hostname="Bharath" failures="0" tests="6" name="com.creatio.crm.api.runner.ApiRunner" time="21.799" errors="0" timestamp="2025-09-20T10:02:49 IST" skipped="0">
  <testcase classname="com.creatio.crm.api.runner.ApiRunner" name="runScenario" time="3.610"/>
  <testcase classname="com.creatio.crm.api.runner.ApiRunner" name="runScenario" time="3.764"/>
  <testcase classname="com.creatio.crm.api.runner.ApiRunner" name="runScenario" time="3.739"/>
  <testcase classname="com.creatio.crm.api.runner.ApiRunner" name="runScenario" time="6.403"/>
  <testcase classname="com.creatio.crm.api.runner.ApiRunner" name="runApplicationTests" time="0.010"/>
  <testcase classname="com.creatio.crm.api.runner.ApiRunner" name="runScenario" time="4.273"/>
</testsuite> <!-- com.creatio.crm.api.runner.ApiRunner -->
