<?xml version="1.0" encoding="UTF-8"?>
<!-- Generated by org.testng.reporters.JUnitReportReporter -->
<testsuite hostname="Bharath" failures="0" tests="6" name="com.creatio.crm.api.runner.ApiRunner" time="21.579" errors="0" timestamp="2025-09-14T09:14:33 IST" skipped="0">
  <testcase classname="com.creatio.crm.api.runner.ApiRunner" name="runScenario" time="3.673"/>
  <testcase classname="com.creatio.crm.api.runner.ApiRunner" name="runScenario" time="3.645"/>
  <testcase classname="com.creatio.crm.api.runner.ApiRunner" name="runScenario" time="4.266"/>
  <testcase classname="com.creatio.crm.api.runner.ApiRunner" name="runApplicationTests" time="0.007"/>
  <testcase classname="com.creatio.crm.api.runner.ApiRunner" name="runScenario" time="3.679"/>
  <testcase classname="com.creatio.crm.api.runner.ApiRunner" name="runScenario" time="6.309"/>
</testsuite> <!-- com.creatio.crm.api.runner.ApiRunner -->
