<?xml version="1.0" encoding="UTF-8"?>
<!-- Generated by org.testng.reporters.JUnitReportReporter -->
<testsuite hostname="Bharath" failures="0" tests="2" name="com.creatio.crm.api.runner.JMeterRunner" time="14.511" errors="0" timestamp="2025-09-20T08:59:56 IST" skipped="0">
  <testcase classname="com.creatio.crm.api.runner.JMeterRunner" name="runApplicationTests" time="0.010"/>
  <testcase classname="com.creatio.crm.api.runner.JMeterRunner" name="runScenario" time="14.501"/>
</testsuite> <!-- com.creatio.crm.api.runner.JMeterRunner -->
