<?xml version="1.0" encoding="UTF-8"?>
<!-- Generated by org.testng.reporters.JUnitReportReporter -->
<testsuite hostname="Bharath" failures="0" tests="1" name="com.creatio.crm.ai.tests.AITest" time="6.213" errors="0" timestamp="2025-09-14T10:17:39 IST" skipped="0">
  <testcase classname="com.creatio.crm.ai.tests.AITest" name="AITest" time="6.213"/>
</testsuite> <!-- com.creatio.crm.ai.tests.AITest -->
